# JRE version: OpenJDK Runtime Environment (15.0.1+9) (build 15.0.1+9-18)
# Java VM: OpenJDK 64-Bit Server VM (15.0.1+9-18, mixed mode, sharing, tiered, compressed oops, g1 gc, windows-amd64)
GC Precious Log:
 CPUs: 4 total, 4 available
 Memory: 3512M
 Large Page Support: Disabled
 NUMA Support: Disabled
 Compressed Oops: Enabled (32-bit)
 Heap Region Size: 1M
 Heap Min Capacity: 256M
 Heap Initial Capacity: 256M
 Heap Max Capacity: 512M
 Pre-touch: Disabled
 Parallel Workers: 4
 Concurrent Workers: 1
 Concurrent Refinement Workers: 4
 Periodic GC: Disabled
Heap:
 garbage-first heap   total 262144K, used 70345K [0x00000000e0000000, 0x0000000100000000)
  region size 1024K, 29 young (29696K), 3 survivors (3072K)
 Metaspace       used 62619K, capacity 63325K, committed 63696K, reserved 309248K
  class space    used 8029K, capacity 8302K, committed 8444K, reserved 253952K
GC Heap History (14 events):
Event: 0.726 GC heap before
{Heap before GC invocations=0 (full 0):
 garbage-first heap   total 262144K, used 18432K [0x00000000e0000000, 0x0000000100000000)
  region size 1024K, 13 young (13312K), 0 survivors (0K)
 Metaspace       used 1943K, capacity 5372K, committed 5504K, reserved 262144K
  class space    used 211K, capacity 532K, committed 640K, reserved 253952K
}
Event: 0.737 GC heap after
{Heap after GC invocations=1 (full 0):
 garbage-first heap   total 262144K, used 8443K [0x00000000e0000000, 0x0000000100000000)
  region size 1024K, 2 young (2048K), 2 survivors (2048K)
 Metaspace       used 1943K, capacity 5372K, committed 5504K, reserved 262144K
  class space    used 211K, capacity 532K, committed 640K, reserved 253952K
}
Event: 1.254 GC heap before
{Heap before GC invocations=1 (full 0):
 garbage-first heap   total 262144K, used 20731K [0x00000000e0000000, 0x0000000100000000)
  region size 1024K, 14 young (14336K), 2 survivors (2048K)
 Metaspace       used 3937K, capacity 6607K, committed 6656K, reserved 262144K
  class space    used 487K, capacity 729K, committed 768K, reserved 253952K
}
Event: 1.258 GC heap after
{Heap after GC invocations=2 (full 0):
 garbage-first heap   total 262144K, used 9215K [0x00000000e0000000, 0x0000000100000000)
  region size 1024K, 1 young (1024K), 1 survivors (1024K)
 Metaspace       used 3937K, capacity 6607K, committed 6656K, reserved 262144K
  class space    used 487K, capacity 729K, committed 768K, reserved 253952K
}
Event: 1.609 GC heap before
{Heap before GC invocations=2 (full 0):
 garbage-first heap   total 262144K, used 29695K [0x00000000e0000000, 0x0000000100000000)
  region size 1024K, 22 young (22528K), 1 survivors (1024K)
 Metaspace       used 4058K, capacity 6607K, committed 6656K, reserved 262144K
  class space    used 491K, capacity 729K, committed 768K, reserved 253952K
}
Event: 1.613 GC heap after
{Heap after GC invocations=3 (full 0):
 garbage-first heap   total 262144K, used 12918K [0x00000000e0000000, 0x0000000100000000)
  region size 1024K, 3 young (3072K), 3 survivors (3072K)
 Metaspace       used 4058K, capacity 6607K, committed 6656K, reserved 262144K
  class space    used 491K, capacity 729K, committed 768K, reserved 253952K
}
Event: 4.756 GC heap before
{Heap before GC invocations=3 (full 0):
 garbage-first heap   total 262144K, used 100982K [0x00000000e0000000, 0x0000000100000000)
  region size 1024K, 89 young (91136K), 3 survivors (3072K)
 Metaspace       used 20744K, capacity 21217K, committed 21248K, reserved 272384K
  class space    used 2933K, capacity 3069K, committed 3072K, reserved 253952K
}
Event: 4.771 GC heap after
{Heap after GC invocations=4 (full 0):
 garbage-first heap   total 262144K, used 18891K [0x00000000e0000000, 0x0000000100000000)
  region size 1024K, 9 young (9216K), 9 survivors (9216K)
 Metaspace       used 20744K, capacity 21217K, committed 21248K, reserved 272384K
  class space    used 2933K, capacity 3069K, committed 3072K, reserved 253952K
}
Event: 8.349 GC heap before
{Heap before GC invocations=5 (full 0):
 garbage-first heap   total 262144K, used 116171K [0x00000000e0000000, 0x0000000100000000)
  region size 1024K, 103 young (105472K), 9 survivors (9216K)
 Metaspace       used 35313K, capacity 35905K, committed 35964K, reserved 286720K
  class space    used 4489K, capacity 4687K, committed 4732K, reserved 253952K
}
Event: 8.382 GC heap after
{Heap after GC invocations=6 (full 0):
 garbage-first heap   total 262144K, used 25342K [0x00000000e0000000, 0x0000000100000000)
  region size 1024K, 12 young (12288K), 12 survivors (12288K)
 Metaspace       used 35313K, capacity 35905K, committed 35964K, reserved 286720K
  class space    used 4489K, capacity 4687K, committed 4732K, reserved 253952K
}
Event: 14.997 GC heap before
{Heap before GC invocations=7 (full 0):
 garbage-first heap   total 262144K, used 172798K [0x00000000e0000000, 0x0000000100000000)
  region size 1024K, 153 young (156672K), 12 survivors (12288K)
 Metaspace       used 56813K, capacity 57533K, committed 57724K, reserved 305152K
  class space    used 7271K, capacity 7506K, committed 7548K, reserved 253952K
}
Event: 15.038 GC heap after
{Heap after GC invocations=8 (full 0):
 garbage-first heap   total 262144K, used 42202K [0x00000000e0000000, 0x0000000100000000)
  region size 1024K, 20 young (20480K), 20 survivors (20480K)
 Metaspace       used 56813K, capacity 57533K, committed 57724K, reserved 305152K
  class space    used 7271K, capacity 7506K, committed 7548K, reserved 253952K
}
Event: 15.515 GC heap before
{Heap before GC invocations=8 (full 0):
 garbage-first heap   total 262144K, used 59610K [0x00000000e0000000, 0x0000000100000000)
  region size 1024K, 38 young (38912K), 20 survivors (20480K)
 Metaspace       used 59532K, capacity 60253K, committed 60368K, reserved 307200K
  class space    used 7602K, capacity 7858K, committed 7932K, reserved 253952K
}
Event: 15.556 GC heap after
{Heap after GC invocations=9 (full 0):
 garbage-first heap   total 262144K, used 44745K [0x00000000e0000000, 0x0000000100000000)
  region size 1024K, 3 young (3072K), 3 survivors (3072K)
 Metaspace       used 59532K, capacity 60253K, committed 60368K, reserved 307200K
  class space    used 7602K, capacity 7858K, committed 7932K, reserved 253952K
}

